Flow report for encoder_serial
Sun Nov 13 22:22:46 2022
Quartus Prime Version 20.1.0 Build 711 06/05/2020 SJ Lite Edition


---------------------
; Table of Contents ;
---------------------
  1. Legal Notice
  2. Flow Summary
  3. Flow Settings
  4. Flow Non-Default Global Settings
  5. Flow Elapsed Time
  6. Flow OS Summary
  7. Flow Log
  8. Flow Messages
  9. Flow Suppressed Messages



----------------
; Legal Notice ;
----------------
Copyright (C) 2020  Intel Corporation. All rights reserved.
Your use of Intel Corporation's design tools, logic functions 
and other software and tools, and any partner logic 
functions, and any output files from any of the foregoing 
(including device programming or simulation files), and any 
associated documentation or information are expressly subject 
to the terms and conditions of the Intel Program License 
Subscription Agreement, the Intel Quartus Prime License Agreement,
the Intel FPGA IP License Agreement, or other applicable license
agreement, including, without limitation, that your use is for
the sole purpose of programming logic devices manufactured by
Intel and sold by Intel or its authorized distributors.  Please
refer to the applicable agreement for further details, at
https://fpgasoftware.intel.com/eula.



+----------------------------------------------------------------------------------+
; Flow Summary                                                                     ;
+------------------------------------+---------------------------------------------+
; Flow Status                        ; Successful - Sun Nov 13 22:22:46 2022       ;
; Quartus Prime Version              ; 20.1.0 Build 711 06/05/2020 SJ Lite Edition ;
; Revision Name                      ; encoder_serial                              ;
; Top-level Entity Name              ; encoder_serial                              ;
; Family                             ; Cyclone IV E                                ;
; Total logic elements               ; 38 / 6,272 ( < 1 % )                        ;
;     Total combinational functions  ; 30 / 6,272 ( < 1 % )                        ;
;     Dedicated logic registers      ; 20 / 6,272 ( < 1 % )                        ;
; Total registers                    ; 20                                          ;
; Total pins                         ; 12 / 92 ( 13 % )                            ;
; Total virtual pins                 ; 0                                           ;
; Total memory bits                  ; 0 / 276,480 ( 0 % )                         ;
; Embedded Multiplier 9-bit elements ; 0 / 30 ( 0 % )                              ;
; Total PLLs                         ; 0 / 2 ( 0 % )                               ;
; Device                             ; EP4CE6E22C6                                 ;
; Timing Models                      ; Final                                       ;
+------------------------------------+---------------------------------------------+


+-----------------------------------------+
; Flow Settings                           ;
+-------------------+---------------------+
; Option            ; Setting             ;
+-------------------+---------------------+
; Start date & time ; 11/13/2022 21:45:50 ;
; Main task         ; Compilation         ;
; Revision Name     ; encoder_serial      ;
+-------------------+---------------------+


+------------------------------------------------------------------------------------------------------------------------------------------------+
; Flow Non-Default Global Settings                                                                                                               ;
+-------------------------------------+----------------------------------------+---------------+-------------+-----------------------------------+
; Assignment Name                     ; Value                                  ; Default Value ; Entity Name ; Section Id                        ;
+-------------------------------------+----------------------------------------+---------------+-------------+-----------------------------------+
; COMPILER_SIGNATURE_ID               ; 198516032045463.166837595035565        ; --            ; --          ; --                                ;
; EDA_GENERATE_FUNCTIONAL_NETLIST     ; Off                                    ; --            ; --          ; eda_board_design_timing           ;
; EDA_GENERATE_FUNCTIONAL_NETLIST     ; Off                                    ; --            ; --          ; eda_board_design_boundary_scan    ;
; EDA_GENERATE_FUNCTIONAL_NETLIST     ; Off                                    ; --            ; --          ; eda_board_design_signal_integrity ;
; EDA_GENERATE_FUNCTIONAL_NETLIST     ; Off                                    ; --            ; --          ; eda_board_design_symbol           ;
; EDA_OUTPUT_DATA_FORMAT              ; Vhdl                                   ; --            ; --          ; eda_simulation                    ;
; EDA_SIMULATION_TOOL                 ; ModelSim-Altera (VHDL)                 ; <None>        ; --          ; --                                ;
; EDA_TIME_SCALE                      ; 1 ps                                   ; --            ; --          ; eda_simulation                    ;
; PARTITION_COLOR                     ; -- (Not supported for targeted family) ; --            ; --          ; Top                               ;
; PARTITION_FITTER_PRESERVATION_LEVEL ; -- (Not supported for targeted family) ; --            ; --          ; Top                               ;
; PARTITION_NETLIST_TYPE              ; -- (Not supported for targeted family) ; --            ; --          ; Top                               ;
; PROJECT_OUTPUT_DIRECTORY            ; output_files                           ; --            ; --          ; --                                ;
+-------------------------------------+----------------------------------------+---------------+-------------+-----------------------------------+


+--------------------------------------------------------------------------------------------------------------------------+
; Flow Elapsed Time                                                                                                        ;
+----------------------+--------------+-------------------------+---------------------+------------------------------------+
; Module Name          ; Elapsed Time ; Average Processors Used ; Peak Virtual Memory ; Total CPU Time (on all processors) ;
+----------------------+--------------+-------------------------+---------------------+------------------------------------+
; Analysis & Synthesis ; 00:00:06     ; 1.0                     ; 505 MB              ; 00:00:20                           ;
; Fitter               ; 00:00:03     ; 1.1                     ; 1935 MB             ; 00:00:04                           ;
; Assembler            ; 00:00:00     ; 1.0                     ; 352 MB              ; 00:00:00                           ;
; Timing Analyzer      ; 00:00:01     ; 1.1                     ; 609 MB              ; 00:00:01                           ;
; EDA Netlist Writer   ; 00:00:00     ; 1.0                     ; 600 MB              ; 00:00:00                           ;
; EDA Netlist Writer   ; 00:00:00     ; 1.0                     ; 599 MB              ; 00:00:00                           ;
; EDA Netlist Writer   ; 00:00:00     ; 1.0                     ; 602 MB              ; 00:00:00                           ;
; EDA Netlist Writer   ; 00:00:01     ; 1.0                     ; 595 MB              ; 00:00:00                           ;
; EDA Netlist Writer   ; 00:00:00     ; 1.0                     ; 602 MB              ; 00:00:00                           ;
; EDA Netlist Writer   ; 00:00:00     ; 1.0                     ; 595 MB              ; 00:00:00                           ;
; EDA Netlist Writer   ; 00:00:00     ; 1.0                     ; 602 MB              ; 00:00:00                           ;
; EDA Netlist Writer   ; 00:00:01     ; 1.0                     ; 595 MB              ; 00:00:00                           ;
; EDA Netlist Writer   ; 00:00:00     ; 1.0                     ; 602 MB              ; 00:00:00                           ;
; EDA Netlist Writer   ; 00:00:00     ; 1.0                     ; 595 MB              ; 00:00:00                           ;
; EDA Netlist Writer   ; 00:00:00     ; 1.0                     ; 602 MB              ; 00:00:00                           ;
; EDA Netlist Writer   ; 00:00:00     ; 1.0                     ; 595 MB              ; 00:00:00                           ;
; EDA Netlist Writer   ; 00:00:00     ; 1.0                     ; 602 MB              ; 00:00:00                           ;
; EDA Netlist Writer   ; 00:00:01     ; 1.0                     ; 596 MB              ; 00:00:00                           ;
; EDA Netlist Writer   ; 00:00:00     ; 1.0                     ; 602 MB              ; 00:00:00                           ;
; EDA Netlist Writer   ; 00:00:01     ; 1.0                     ; 595 MB              ; 00:00:00                           ;
; EDA Netlist Writer   ; 00:00:00     ; 1.0                     ; 602 MB              ; 00:00:00                           ;
; Total                ; 00:00:14     ; --                      ; --                  ; 00:00:25                           ;
+----------------------+--------------+-------------------------+---------------------+------------------------------------+


+----------------------------------------------------------------------------------------+
; Flow OS Summary                                                                        ;
+----------------------+------------------+----------------+------------+----------------+
; Module Name          ; Machine Hostname ; OS Name        ; OS Version ; Processor type ;
+----------------------+------------------+----------------+------------+----------------+
; Analysis & Synthesis ; joaoT-pc         ; Ubuntu 22.04.1 ; 22         ; x86_64         ;
; Fitter               ; joaoT-pc         ; Ubuntu 22.04.1 ; 22         ; x86_64         ;
; Assembler            ; joaoT-pc         ; Ubuntu 22.04.1 ; 22         ; x86_64         ;
; Timing Analyzer      ; joaoT-pc         ; Ubuntu 22.04.1 ; 22         ; x86_64         ;
; EDA Netlist Writer   ; joaoT-pc         ; Ubuntu 22.04.1 ; 22         ; x86_64         ;
; EDA Netlist Writer   ; joaoT-pc         ; Ubuntu 22.04.1 ; 22         ; x86_64         ;
; EDA Netlist Writer   ; joaoT-pc         ; Ubuntu 22.04.1 ; 22         ; x86_64         ;
; EDA Netlist Writer   ; joaoT-pc         ; Ubuntu 22.04.1 ; 22         ; x86_64         ;
; EDA Netlist Writer   ; joaoT-pc         ; Ubuntu 22.04.1 ; 22         ; x86_64         ;
; EDA Netlist Writer   ; joaoT-pc         ; Ubuntu 22.04.1 ; 22         ; x86_64         ;
; EDA Netlist Writer   ; joaoT-pc         ; Ubuntu 22.04.1 ; 22         ; x86_64         ;
; EDA Netlist Writer   ; joaoT-pc         ; Ubuntu 22.04.1 ; 22         ; x86_64         ;
; EDA Netlist Writer   ; joaoT-pc         ; Ubuntu 22.04.1 ; 22         ; x86_64         ;
; EDA Netlist Writer   ; joaoT-pc         ; Ubuntu 22.04.1 ; 22         ; x86_64         ;
; EDA Netlist Writer   ; joaoT-pc         ; Ubuntu 22.04.1 ; 22         ; x86_64         ;
; EDA Netlist Writer   ; joaoT-pc         ; Ubuntu 22.04.1 ; 22         ; x86_64         ;
; EDA Netlist Writer   ; joaoT-pc         ; Ubuntu 22.04.1 ; 22         ; x86_64         ;
; EDA Netlist Writer   ; joaoT-pc         ; Ubuntu 22.04.1 ; 22         ; x86_64         ;
; EDA Netlist Writer   ; joaoT-pc         ; Ubuntu 22.04.1 ; 22         ; x86_64         ;
; EDA Netlist Writer   ; joaoT-pc         ; Ubuntu 22.04.1 ; 22         ; x86_64         ;
; EDA Netlist Writer   ; joaoT-pc         ; Ubuntu 22.04.1 ; 22         ; x86_64         ;
+----------------------+------------------+----------------+------------+----------------+


------------
; Flow Log ;
------------
quartus_map --read_settings_files=on --write_settings_files=off encoder_serial -c encoder_serial
quartus_fit --read_settings_files=off --write_settings_files=off encoder_serial -c encoder_serial
quartus_asm --read_settings_files=off --write_settings_files=off encoder_serial -c encoder_serial
quartus_sta encoder_serial -c encoder_serial
quartus_eda --read_settings_files=off --write_settings_files=off encoder_serial -c encoder_serial
quartus_eda --gen_testbench --tool=modelsim_oem --format=vhdl --write_settings_files=off encoder_serial -c encoder_serial --vector_source=/home/joao/Desktop/Mestrado/AAD/Projeto1/encoder_serial/teste5_F.vwf --testbench_file=/home/joao/Desktop/Mestrado/AAD/Projeto1/encoder_serial/simulation/qsim/teste5_F.vwf.vht
quartus_eda --write_settings_files=off --simulation=on --functional=on --flatten_buses=off --tool=modelsim_oem --format=vhdl --output_directory=/home/joao/Desktop/Mestrado/AAD/Projeto1/encoder_serial/simulation/qsim/ encoder_serial -c encoder_serial
quartus_eda --gen_testbench --tool=modelsim_oem --format=vhdl --write_settings_files=off encoder_serial -c encoder_serial --vector_source=/home/joao/Desktop/Mestrado/AAD/Projeto1/encoder_serial/teste5_F.vwf --testbench_file=/home/joao/Desktop/Mestrado/AAD/Projeto1/encoder_serial/simulation/qsim/teste5_F.vwf.vht
quartus_eda --write_settings_files=off --simulation=on --functional=on --flatten_buses=off --tool=modelsim_oem --format=vhdl --output_directory=/home/joao/Desktop/Mestrado/AAD/Projeto1/encoder_serial/simulation/qsim/ encoder_serial -c encoder_serial
quartus_eda --gen_testbench --tool=modelsim_oem --format=vhdl --write_settings_files=off encoder_serial -c encoder_serial --vector_source=/home/joao/Desktop/Mestrado/AAD/Projeto1/encoder_serial/teste5_F.vwf --testbench_file=/home/joao/Desktop/Mestrado/AAD/Projeto1/encoder_serial/simulation/qsim/teste5_F.vwf.vht
quartus_eda --write_settings_files=off --simulation=on --functional=on --flatten_buses=off --tool=modelsim_oem --format=vhdl --output_directory=/home/joao/Desktop/Mestrado/AAD/Projeto1/encoder_serial/simulation/qsim/ encoder_serial -c encoder_serial
quartus_eda --gen_testbench --tool=modelsim_oem --format=vhdl --write_settings_files=off encoder_serial -c encoder_serial --vector_source=/home/joao/Desktop/Mestrado/AAD/Projeto1/encoder_serial/teste5_F.vwf --testbench_file=/home/joao/Desktop/Mestrado/AAD/Projeto1/encoder_serial/simulation/qsim/teste5_F.vwf.vht
quartus_eda --write_settings_files=off --simulation=on --functional=on --flatten_buses=off --tool=modelsim_oem --format=vhdl --output_directory=/home/joao/Desktop/Mestrado/AAD/Projeto1/encoder_serial/simulation/qsim/ encoder_serial -c encoder_serial
quartus_eda --gen_testbench --tool=modelsim_oem --format=vhdl --write_settings_files=off encoder_serial -c encoder_serial --vector_source=/home/joao/Desktop/Mestrado/AAD/Projeto1/encoder_serial/teste5_F.vwf --testbench_file=/home/joao/Desktop/Mestrado/AAD/Projeto1/encoder_serial/simulation/qsim/teste5_F.vwf.vht
quartus_eda --write_settings_files=off --simulation=on --functional=on --flatten_buses=off --tool=modelsim_oem --format=vhdl --output_directory=/home/joao/Desktop/Mestrado/AAD/Projeto1/encoder_serial/simulation/qsim/ encoder_serial -c encoder_serial
quartus_eda --gen_testbench --tool=modelsim_oem --format=vhdl --write_settings_files=off encoder_serial -c encoder_serial --vector_source=/home/joao/Desktop/Mestrado/AAD/Projeto1/encoder_serial/teste6.vwf --testbench_file=/home/joao/Desktop/Mestrado/AAD/Projeto1/encoder_serial/simulation/qsim/teste6.vwf.vht
quartus_eda --write_settings_files=off --simulation=on --functional=on --flatten_buses=off --tool=modelsim_oem --format=vhdl --output_directory=/home/joao/Desktop/Mestrado/AAD/Projeto1/encoder_serial/simulation/qsim/ encoder_serial -c encoder_serial
quartus_eda --gen_testbench --tool=modelsim_oem --format=vhdl --write_settings_files=off encoder_serial -c encoder_serial --vector_source=/home/joao/Desktop/Mestrado/AAD/Projeto1/encoder_serial/teste6.vwf --testbench_file=/home/joao/Desktop/Mestrado/AAD/Projeto1/encoder_serial/simulation/qsim/teste6.vwf.vht
quartus_eda --write_settings_files=off --simulation=on --functional=on --flatten_buses=off --tool=modelsim_oem --format=vhdl --output_directory=/home/joao/Desktop/Mestrado/AAD/Projeto1/encoder_serial/simulation/qsim/ encoder_serial -c encoder_serial
quartus_eda --gen_testbench --tool=modelsim_oem --format=vhdl --write_settings_files=off encoder_serial -c encoder_serial --vector_source=/home/joao/Desktop/Mestrado/AAD/Projeto1/encoder_serial/teste6.vwf --testbench_file=/home/joao/Desktop/Mestrado/AAD/Projeto1/encoder_serial/simulation/qsim/teste6.vwf.vht
quartus_eda --write_settings_files=off --simulation=on --functional=on --flatten_buses=off --tool=modelsim_oem --format=vhdl --output_directory=/home/joao/Desktop/Mestrado/AAD/Projeto1/encoder_serial/simulation/qsim/ encoder_serial -c encoder_serial



